e:\c++ practice\myproject1\x64\debug\vc143.pdb
e:\c++ practice\myproject1\x64\debug\vc143.idb
e:\c++ practice\myproject1\x64\debug\source1.obj
e:\c++ practice\myproject1\x64\debug\source2.obj
e:\c++ practice\myproject1\x64\debug\source3.obj
e:\c++ practice\myproject1\x64\debug\source4.obj
e:\c++ practice\myproject1\x64\debug\source5.obj
e:\c++ practice\myproject1\x64\debug\source6.obj
e:\c++ practice\myproject1\x64\debug\source7.obj
e:\c++ practice\myproject1\x64\debug\source8.obj
e:\c++ practice\myproject1\x64\debug\source9.obj
e:\c++ practice\myproject1\x64\debug\myproject1.exe
e:\c++ practice\myproject1\x64\debug\myproject1.ilk
e:\c++ practice\myproject1\x64\debug\myproject1.pdb
e:\c++ practice\myproject1\x64\debug\myproject1.tlog\cl.command.1.tlog
e:\c++ practice\myproject1\x64\debug\myproject1.tlog\cl.read.1.tlog
e:\c++ practice\myproject1\x64\debug\myproject1.tlog\cl.write.1.tlog
e:\c++ practice\myproject1\x64\debug\myproject1.tlog\link.command.1.tlog
e:\c++ practice\myproject1\x64\debug\myproject1.tlog\link.read.1.tlog
e:\c++ practice\myproject1\x64\debug\myproject1.tlog\link.write.1.tlog
